(status): Nexxim version: 2024.2.0 WIN64, build time: May 23 2024, 02:38:15

(status): Analyzing C:/Users/Anek/Documents/Ansoft/Project5.aedtresults/Circuit1/temp/DV17_S15_V0.cir.
(info): Processing circuit for new analysis.
omp(status): Requested number of threads in UI setting is 4
circuit_details(status): Total device types: 3
device type                                       number of devices
----------------------------------------------------------------------
port_impedance                                    3
resistor                                          1
trl                                               2
(status): License checkout took 0.421 seconds.
models:w_element(status): a1.w - Building frequency-domain model
models:w_element(status): a1.w - Finished building frequency-domain model
models:w_element(status): a4.w - Building frequency-domain model
models:w_element(status): a4.w - Finished building frequency-domain model
(info): Starting analysis type LNA.
analysis:dc(status): Total DC newton iterations = 4, DC conv = 1.
(status): LNA cpu time = 0.004
(info): Simulation succeeded. Total simulator time: 0:00:00
(status): Start Time:  11/21/2024 05:32:39, End Time:  11/21/2024 05:32:40, Host DESKTOP-V2P48JV, 
